mktextfm IPAexGothic
mktextfm IPAexGothic
mktextfm IPAexGothic
mktextfm IPAexGothic
mktextfm IPAexGothic/B
mktextfm IPAexGothic
mktextfm IPAexGothic/I
mktextfm IPAexGothic
mktextfm IPAexGothic/BI
mktextfm IPAexGothic
mktextfm IPAexGothic
mktextfm IPAexGothic
mktextfm IPAexGothic
mktextfm IPAexGothic/B
mktextfm IPAexGothic
mktextfm IPAexGothic/I
mktextfm IPAexGothic
mktextfm IPAexGothic/BI
mktextfm IPAexGothic
mktextfm IPAexGothic
mktextfm IPAexGothic
mktextfm IPAexGothic
mktextfm IPAexGothic/B
mktextfm IPAexGothic
mktextfm IPAexGothic/I
mktextfm IPAexGothic
mktextfm IPAexGothic/BI
mktextfm IPAexGothic
mktextfm IPAexGothic
mktextfm IPAexGothic
mktextfm IPAexGothic
mktextfm IPAexGothic/B
mktextfm IPAexGothic
mktextfm IPAexGothic/I
mktextfm IPAexGothic
mktextfm IPAexGothic/BI
mktextfm IPAexGothic
mktextfm IPAexGothic
mktextfm IPAexGothic
mktextfm IPAexGothic
mktextfm IPAexGothic/B
mktextfm IPAexGothic
mktextfm IPAexGothic/I
mktextfm IPAexGothic
mktextfm IPAexGothic/BI
mktextfm SimHei/ICU
mktextfm SimHei/ICU
mktextfm SimHei/ICU
mktextfm SimHei/ICU
mktextfm SimHei/B/ICU
mktextfm SimHei/ICU
mktextfm SimHei/I/ICU
mktextfm SimHei/ICU
mktextfm SimHei/BI/ICU
mktextfm SimHei/ICU
mktextfm SimHei/ICU
mktextfm SimHei/ICU
mktextfm SimHei/ICU
mktextfm SimHei/B/ICU
mktextfm SimHei/ICU
mktextfm SimHei/I/ICU
mktextfm SimHei/ICU
mktextfm SimHei/BI/ICU
mktextfm SimHei/ICU
mktextfm SimHei/ICU
mktextfm SimHei/ICU
mktextfm SimHei/ICU
mktextfm SimHei/B/ICU
mktextfm SimHei/ICU
mktextfm SimHei/I/ICU
mktextfm SimHei/ICU
mktextfm SimHei/BI/ICU
mktextfm SimHei/ICU
mktextfm SimHei/ICU
mktextfm SimHei/ICU
mktextfm SimHei/ICU
mktextfm SimHei/B/ICU
mktextfm SimHei/ICU
mktextfm SimHei/I/ICU
mktextfm SimHei/ICU
mktextfm SimHei/BI/ICU
mktextfm SimHei/ICU
mktextfm SimHei/ICU
mktextfm SimHei/ICU
mktextfm SimHei/ICU
mktextfm SimHei/B/ICU
mktextfm SimHei/ICU
mktextfm SimHei/I/ICU
mktextfm SimHei/ICU
mktextfm SimHei/BI/ICU
mktextfm SimHei/ICU
mktextfm SimHei/ICU
mktextfm SimHei/ICU
mktextfm SimHei/ICU
mktextfm SimHei/B/ICU
mktextfm SimHei/ICU
mktextfm SimHei/I/ICU
mktextfm SimHei/ICU
mktextfm SimHei/BI/ICU
mktextfm SimHei/ICU
mktextfm SimHei/ICU
mktextfm SimHei/ICU
mktextfm SimHei/ICU
mktextfm SimHei/B/ICU
mktextfm SimHei/ICU
mktextfm SimHei/I/ICU
mktextfm SimHei/ICU
mktextfm SimHei/BI/ICU
